<?xml version="1.0" encoding="UTF-8"?>
<!-- Generated by org.testng.reporters.JUnitXMLReporter -->
<testsuite hostname="ARAVINDKSV" ignored="0" name="Default test" tests="3" failures="0" timestamp="21 Sep 2021 11:26:46 GMT" time="0.091" errors="0">
  <testcase name="createContactTest" time="0.016" classname="com.Comcast.ContactsTest.Contact"/>
  <testcase name="createContactWithOgTest" time="0.0" classname="com.Comcast.ContactsTest.Contact"/>
  <testcase name="deleteContactTest" time="0.0" classname="com.Comcast.ContactsTest.Contact"/>
</testsuite> <!-- Default test -->
