<?xml version="1.0" encoding="UTF-8"?>
<testng-results skipped="0" failed="0" ignored="0" total="3" passed="3">
  <reporter-output>
  </reporter-output>
  <suite name="Default suite" duration-ms="91" started-at="2021-09-21T11:26:46Z" finished-at="2021-09-21T11:26:46Z">
    <groups>
    </groups>
    <test name="Default test" duration-ms="91" started-at="2021-09-21T11:26:46Z" finished-at="2021-09-21T11:26:46Z">
      <class name="com.Comcast.ContactsTest.Contact">
        <test-method status="PASS" signature="createContactTest()[pri:0, instance:com.Comcast.ContactsTest.Contact@617faa95]" name="createContactTest" duration-ms="16" started-at="2021-09-21T11:26:46Z" finished-at="2021-09-21T11:26:46Z">
          <reporter-output>
          </reporter-output>
        </test-method> <!-- createContactTest -->
        <test-method status="PASS" signature="createContactWithOgTest()[pri:0, instance:com.Comcast.ContactsTest.Contact@617faa95]" name="createContactWithOgTest" duration-ms="0" started-at="2021-09-21T11:26:46Z" finished-at="2021-09-21T11:26:46Z">
          <reporter-output>
          </reporter-output>
        </test-method> <!-- createContactWithOgTest -->
        <test-method status="PASS" signature="deleteContactTest()[pri:0, instance:com.Comcast.ContactsTest.Contact@617faa95]" name="deleteContactTest" duration-ms="0" started-at="2021-09-21T11:26:46Z" finished-at="2021-09-21T11:26:46Z">
          <reporter-output>
          </reporter-output>
        </test-method> <!-- deleteContactTest -->
      </class> <!-- com.Comcast.ContactsTest.Contact -->
    </test> <!-- Default test -->
  </suite> <!-- Default suite -->
</testng-results>
