<?xml version="1.0" encoding="UTF-8"?>
<testng-results skipped="0" failed="0" ignored="0" total="1" passed="1">
  <reporter-output>
  </reporter-output>
  <suite name="Default suite" duration-ms="21472" started-at="2021-09-12T07:39:46Z" finished-at="2021-09-12T07:40:08Z">
    <groups>
      <group name="system">
        <method signature="CreateNewContact.newCreateContact()[pri:0, instance:com.vtiger.testscripts.CreateNewContact@2286778]" name="newCreateContact" class="com.vtiger.testscripts.CreateNewContact"/>
      </group> <!-- system -->
      <group name="smoke">
        <method signature="CreateNewContact.newCreateContact()[pri:0, instance:com.vtiger.testscripts.CreateNewContact@2286778]" name="newCreateContact" class="com.vtiger.testscripts.CreateNewContact"/>
      </group> <!-- smoke -->
    </groups>
    <test name="Default test" duration-ms="21472" started-at="2021-09-12T07:39:46Z" finished-at="2021-09-12T07:40:08Z">
      <class name="com.vtiger.testscripts.CreateNewContact">
        <test-method status="PASS" signature="lanuchBrowser()[pri:0, instance:com.vtiger.testscripts.CreateNewContact@2286778]" name="lanuchBrowser" is-config="true" duration-ms="2590" started-at="2021-09-12T07:39:46Z" finished-at="2021-09-12T07:39:49Z">
          <reporter-output>
          </reporter-output>
        </test-method> <!-- lanuchBrowser -->
        <test-method status="PASS" signature="login()[pri:0, instance:com.vtiger.testscripts.CreateNewContact@2286778]" name="login" is-config="true" duration-ms="5120" started-at="2021-09-12T07:39:49Z" finished-at="2021-09-12T07:39:54Z">
          <reporter-output>
          </reporter-output>
        </test-method> <!-- login -->
        <test-method status="PASS" signature="newCreateContact()[pri:0, instance:com.vtiger.testscripts.CreateNewContact@2286778]" name="newCreateContact" duration-ms="10369" started-at="2021-09-12T07:39:54Z" finished-at="2021-09-12T07:40:04Z">
          <reporter-output>
          </reporter-output>
        </test-method> <!-- newCreateContact -->
        <test-method status="PASS" signature="logout()[pri:0, instance:com.vtiger.testscripts.CreateNewContact@2286778]" name="logout" is-config="true" duration-ms="2560" started-at="2021-09-12T07:40:04Z" finished-at="2021-09-12T07:40:07Z">
          <reporter-output>
          </reporter-output>
        </test-method> <!-- logout -->
        <test-method status="PASS" signature="closeBrowser()[pri:0, instance:com.vtiger.testscripts.CreateNewContact@2286778]" name="closeBrowser" is-config="true" duration-ms="804" started-at="2021-09-12T07:40:07Z" finished-at="2021-09-12T07:40:08Z">
          <reporter-output>
          </reporter-output>
        </test-method> <!-- closeBrowser -->
      </class> <!-- com.vtiger.testscripts.CreateNewContact -->
    </test> <!-- Default test -->
  </suite> <!-- Default suite -->
</testng-results>
